Microsoft (R) Macro Assembler Version 14.32.31332.0	    10/03/22 18:37:03
ASM_04.asm						     Page 1 - 1


				.586P														; 
				.MODEL FLAT, STDCALL;
				 includelib kernel32.lib; компановщику: компоновать с kernel32

				 ExitProcess PROTO : DWORD; прототип функции для завершения процесса Windows
				 MessageBoxA PROTO : DWORD, : DWORD, : DWORD, : DWORD; прототип API - функции MessageBoxA
				 
				 .STACK 4096; выделение стека
				 
 00000000			 .CONST; сегмент констант
				 
 00000000			.DATA; сегмент данных
 = 00000000			 MB_OK  EQU 0; EQU определяет константу
 00000000 54 45 53 54 20	 STR1   DB "TEST ASM", 0; 
	   41 53 4D 00
 00000009 74 65 78 74 3A	STR2   DB "text: dsjd num: 12", 0
	   20 64 73 6A 64
	   20 6E 75 6D 3A
	   20 31 32 00

 0000001C 00000000		HW     DD ?													; двойное слово длиной 4 байта, неинициализировано

 00000000			.CODE; сегмент кода

 00000000			main PROC; точка входа main
 00000000			START : ; метка
				INVOKE MessageBoxA, HW, OFFSET STR2, OFFSET STR1, MB_OK

 00000017  6A FF		push - 1; код возврата процесса Windows(параметр ExitProcess)
 00000019  E8 00000000 E	call ExitProcess; так завешается любой процесс Windows
 0000001E			main ENDP; конец процедуры

				end main; конец модуля main
Microsoft (R) Macro Assembler Version 14.32.31332.0	    10/03/22 18:37:03
ASM_04.asm						     Symbols 2 - 1




Segments and Groups:

                N a m e                 Size     Length   Align   Combine Class

CONST  . . . . . . . . . . . . .	32 Bit	 00000000 Para	  Public  'CONST'	 ReadOnly
FLAT . . . . . . . . . . . . . .	GROUP
STACK  . . . . . . . . . . . . .	32 Bit	 00001000 Para	  Stack	  'STACK'	 
_DATA  . . . . . . . . . . . . .	32 Bit	 00000020 Para	  Public  'DATA'	
_TEXT  . . . . . . . . . . . . .	32 Bit	 0000001E Para	  Public  'CODE'	


Procedures, parameters, and locals:

                N a m e                 Type     Value    Attr

ExitProcess  . . . . . . . . . .	P Near	 00000000 FLAT	Length= 00000000 External STDCALL
MessageBoxA  . . . . . . . . . .	P Near	 00000000 FLAT	Length= 00000000 External STDCALL
main . . . . . . . . . . . . . .	P Near	 00000000 _TEXT	Length= 0000001E Public STDCALL
  START  . . . . . . . . . . . .	L Near	 00000000 _TEXT	


Symbols:

                N a m e                 Type     Value    Attr

@CodeSize  . . . . . . . . . . .	Number	 00000000h   
@DataSize  . . . . . . . . . . .	Number	 00000000h   
@Interface . . . . . . . . . . .	Number	 00000003h   
@Model . . . . . . . . . . . . .	Number	 00000007h   
@code  . . . . . . . . . . . . .	Text   	 _TEXT
@data  . . . . . . . . . . . . .	Text   	 FLAT
@fardata?  . . . . . . . . . . .	Text   	 FLAT
@fardata . . . . . . . . . . . .	Text   	 FLAT
@stack . . . . . . . . . . . . .	Text   	 FLAT
HW . . . . . . . . . . . . . . .	DWord	 0000001C _DATA	
MB_OK  . . . . . . . . . . . . .	Number	 00000000h   
STR1 . . . . . . . . . . . . . .	Byte	 00000000 _DATA	
STR2 . . . . . . . . . . . . . .	Byte	 00000009 _DATA	

	   0 Warnings
	   0 Errors
